# JRE version: Java(TM) SE Runtime Environment (8.0_211-b12) (build 1.8.0_211-b12)
# Java VM: Java HotSpot(TM) 64-Bit Server VM (25.211-b12 mixed mode windows-amd64 compressed oops)
Heap:
 PSYoungGen      total 145920K, used 121344K [0x00000000f5580000, 0x0000000100000000, 0x0000000100000000)
  eden space 121344K, 100% used [0x00000000f5580000,0x00000000fcc00000,0x00000000fcc00000)
  from space 24576K, 0% used [0x00000000fcc00000,0x00000000fcc00000,0x00000000fe400000)
  to   space 28672K, 99% used [0x00000000fe400000,0x00000000ffffb190,0x0000000100000000)
 ParOldGen       total 349696K, used 241746K [0x00000000e0000000, 0x00000000f5580000, 0x00000000f5580000)
  object space 349696K, 69% used [0x00000000e0000000,0x00000000eec1e938,0x00000000f5580000)
 Metaspace       used 99028K, capacity 105675K, committed 106240K, reserved 1140736K
  class space    used 12987K, capacity 14382K, committed 14592K, reserved 1048576K
GC Heap History (10 events):
Event: 1065.473 GC heap after
Heap after GC invocations=62 (full 5):
 PSYoungGen      total 143360K, used 3051K [0x00000000f5580000, 0x00000000ffe00000, 0x0000000100000000)
  eden space 116224K, 0% used [0x00000000f5580000,0x00000000f5580000,0x00000000fc700000)
  from space 27136K, 11% used [0x00000000fc700000,0x00000000fc9faf20,0x00000000fe180000)
  to   space 26112K, 0% used [0x00000000fe480000,0x00000000fe480000,0x00000000ffe00000)
 ParOldGen       total 349696K, used 312803K [0x00000000e0000000, 0x00000000f5580000, 0x00000000f5580000)
  object space 349696K, 89% used [0x00000000e0000000,0x00000000f3178c18,0x00000000f5580000)
 Metaspace       used 97878K, capacity 104525K, committed 104960K, reserved 1140736K
  class space    used 12866K, capacity 14277K, committed 14336K, reserved 1048576K
}
Event: 1065.893 GC heap before
{Heap before GC invocations=63 (full 5):
 PSYoungGen      total 143360K, used 119275K [0x00000000f5580000, 0x00000000ffe00000, 0x0000000100000000)
  eden space 116224K, 100% used [0x00000000f5580000,0x00000000fc700000,0x00000000fc700000)
  from space 27136K, 11% used [0x00000000fc700000,0x00000000fc9faf20,0x00000000fe180000)
  to   space 26112K, 0% used [0x00000000fe480000,0x00000000fe480000,0x00000000ffe00000)
 ParOldGen       total 349696K, used 312803K [0x00000000e0000000, 0x00000000f5580000, 0x00000000f5580000)
  object space 349696K, 89% used [0x00000000e0000000,0x00000000f3178c18,0x00000000f5580000)
 Metaspace       used 97889K, capacity 104529K, committed 104960K, reserved 1140736K
  class space    used 12866K, capacity 14277K, committed 14336K, reserved 1048576K
Event: 1065.898 GC heap after
Heap after GC invocations=63 (full 5):
 PSYoungGen      total 145408K, used 2487K [0x00000000f5580000, 0x00000000ffc00000, 0x0000000100000000)
  eden space 121344K, 0% used [0x00000000f5580000,0x00000000f5580000,0x00000000fcc00000)
  from space 24064K, 10% used [0x00000000fe480000,0x00000000fe6edcb0,0x00000000ffc00000)
  to   space 24576K, 0% used [0x00000000fcc00000,0x00000000fcc00000,0x00000000fe400000)
 ParOldGen       total 349696K, used 315488K [0x00000000e0000000, 0x00000000f5580000, 0x00000000f5580000)
  object space 349696K, 90% used [0x00000000e0000000,0x00000000f3418108,0x00000000f5580000)
 Metaspace       used 97889K, capacity 104529K, committed 104960K, reserved 1140736K
  class space    used 12866K, capacity 14277K, committed 14336K, reserved 1048576K
}
Event: 1066.878 GC heap before
{Heap before GC invocations=64 (full 5):
 PSYoungGen      total 145408K, used 123831K [0x00000000f5580000, 0x00000000ffc00000, 0x0000000100000000)
  eden space 121344K, 100% used [0x00000000f5580000,0x00000000fcc00000,0x00000000fcc00000)
  from space 24064K, 10% used [0x00000000fe480000,0x00000000fe6edcb0,0x00000000ffc00000)
  to   space 24576K, 0% used [0x00000000fcc00000,0x00000000fcc00000,0x00000000fe400000)
 ParOldGen       total 349696K, used 315488K [0x00000000e0000000, 0x00000000f5580000, 0x00000000f5580000)
  object space 349696K, 90% used [0x00000000e0000000,0x00000000f3418108,0x00000000f5580000)
 Metaspace       used 98334K, capacity 105127K, committed 105344K, reserved 1140736K
  class space    used 12916K, capacity 14354K, committed 14464K, reserved 1048576K
Event: 1066.889 GC heap after
Heap after GC invocations=64 (full 5):
 PSYoungGen      total 145920K, used 24563K [0x00000000f5580000, 0x0000000100000000, 0x0000000100000000)
  eden space 121344K, 0% used [0x00000000f5580000,0x00000000f5580000,0x00000000fcc00000)
  from space 24576K, 99% used [0x00000000fcc00000,0x00000000fe3fcc68,0x00000000fe400000)
  to   space 28672K, 0% used [0x00000000fe400000,0x00000000fe400000,0x0000000100000000)
 ParOldGen       total 349696K, used 328155K [0x00000000e0000000, 0x00000000f5580000, 0x00000000f5580000)
  object space 349696K, 93% used [0x00000000e0000000,0x00000000f4076c20,0x00000000f5580000)
 Metaspace       used 98334K, capacity 105127K, committed 105344K, reserved 1140736K
  class space    used 12916K, capacity 14354K, committed 14464K, reserved 1048576K
}
Event: 1067.417 GC heap before
{Heap before GC invocations=65 (full 5):
 PSYoungGen      total 145920K, used 145907K [0x00000000f5580000, 0x0000000100000000, 0x0000000100000000)
  eden space 121344K, 100% used [0x00000000f5580000,0x00000000fcc00000,0x00000000fcc00000)
  from space 24576K, 99% used [0x00000000fcc00000,0x00000000fe3fcc68,0x00000000fe400000)
  to   space 28672K, 0% used [0x00000000fe400000,0x00000000fe400000,0x0000000100000000)
 ParOldGen       total 349696K, used 328155K [0x00000000e0000000, 0x00000000f5580000, 0x00000000f5580000)
  object space 349696K, 93% used [0x00000000e0000000,0x00000000f4076c20,0x00000000f5580000)
 Metaspace       used 99102K, capacity 106009K, committed 106240K, reserved 1140736K
  class space    used 13035K, capacity 14479K, committed 14592K, reserved 1048576K
Event: 1067.813 GC heap after
Heap after GC invocations=65 (full 5):
 PSYoungGen      total 145920K, used 145907K [0x00000000f5580000, 0x0000000100000000, 0x0000000100000000)
  eden space 121344K, 100% used [0x00000000f5580000,0x00000000fcc00000,0x00000000fcc00000)
  from space 24576K, 99% used [0x00000000fcc00000,0x00000000fe3fcc68,0x00000000fe400000)
  to   space 28672K, 99% used [0x00000000fe400000,0x00000000fffff568,0x0000000100000000)
 ParOldGen       total 349696K, used 349691K [0x00000000e0000000, 0x00000000f5580000, 0x00000000f5580000)
  object space 349696K, 99% used [0x00000000e0000000,0x00000000f557ec68,0x00000000f5580000)
 Metaspace       used 99102K, capacity 106009K, committed 106240K, reserved 1140736K
  class space    used 13035K, capacity 14479K, committed 14592K, reserved 1048576K
}
Event: 1067.813 GC heap before
{Heap before GC invocations=66 (full 6):
 PSYoungGen      total 145920K, used 145907K [0x00000000f5580000, 0x0000000100000000, 0x0000000100000000)
  eden space 121344K, 100% used [0x00000000f5580000,0x00000000fcc00000,0x00000000fcc00000)
  from space 24576K, 99% used [0x00000000fcc00000,0x00000000fe3fcc68,0x00000000fe400000)
  to   space 28672K, 99% used [0x00000000fe400000,0x00000000fffff568,0x0000000100000000)
 ParOldGen       total 349696K, used 349691K [0x00000000e0000000, 0x00000000f5580000, 0x00000000f5580000)
  object space 349696K, 99% used [0x00000000e0000000,0x00000000f557ec68,0x00000000f5580000)
 Metaspace       used 99102K, capacity 106009K, committed 106240K, reserved 1140736K
  class space    used 13035K, capacity 14479K, committed 14592K, reserved 1048576K
Event: 1068.150 GC heap after
Heap after GC invocations=66 (full 6):
 PSYoungGen      total 145920K, used 0K [0x00000000f5580000, 0x0000000100000000, 0x0000000100000000)
  eden space 121344K, 0% used [0x00000000f5580000,0x00000000f5580000,0x00000000fcc00000)
  from space 24576K, 0% used [0x00000000fcc00000,0x00000000fcc00000,0x00000000fe400000)
  to   space 28672K, 0% used [0x00000000fe400000,0x00000000fe400000,0x0000000100000000)
 ParOldGen       total 349696K, used 236442K [0x00000000e0000000, 0x00000000f5580000, 0x00000000f5580000)
  object space 349696K, 67% used [0x00000000e0000000,0x00000000ee6e68c8,0x00000000f5580000)
 Metaspace       used 98939K, capacity 105575K, committed 106240K, reserved 1140736K
  class space    used 12978K, capacity 14378K, committed 14592K, reserved 1048576K
}
Event: 1069.225 GC heap before
{Heap before GC invocations=67 (full 6):
 PSYoungGen      total 145920K, used 121344K [0x00000000f5580000, 0x0000000100000000, 0x0000000100000000)
  eden space 121344K, 100% used [0x00000000f5580000,0x00000000fcc00000,0x00000000fcc00000)
  from space 24576K, 0% used [0x00000000fcc00000,0x00000000fcc00000,0x00000000fe400000)
  to   space 28672K, 0% used [0x00000000fe400000,0x00000000fe400000,0x0000000100000000)
 ParOldGen       total 349696K, used 236442K [0x00000000e0000000, 0x00000000f5580000, 0x00000000f5580000)
  object space 349696K, 67% used [0x00000000e0000000,0x00000000ee6e68c8,0x00000000f5580000)
 Metaspace       used 99028K, capacity 105675K, committed 106240K, reserved 1140736K
  class space    used 12987K, capacity 14382K, committed 14592K, reserved 1048576K

