# JRE version: Java(TM) SE Runtime Environment (8.0_211-b12) (build 1.8.0_211-b12)
# Java VM: Java HotSpot(TM) 64-Bit Server VM (25.211-b12 mixed mode windows-amd64 compressed oops)
Heap:
 PSYoungGen      total 134144K, used 17034K [0x00000000f5580000, 0x0000000100000000, 0x0000000100000000)
  eden space 93696K, 0% used [0x00000000f5580000,0x00000000f5580000,0x00000000fb100000)
  from space 40448K, 42% used [0x00000000fb100000,0x00000000fc1a28c0,0x00000000fd880000)
  to   space 38400K, 0% used [0x00000000fda80000,0x00000000fda80000,0x0000000100000000)
 ParOldGen       total 349696K, used 342832K [0x00000000e0000000, 0x00000000f5580000, 0x00000000f5580000)
  object space 349696K, 98% used [0x00000000e0000000,0x00000000f4ecc348,0x00000000f5580000)
 Metaspace       used 107717K, capacity 114708K, committed 115200K, reserved 1148928K
  class space    used 13731K, capacity 15136K, committed 15360K, reserved 1048576K
GC Heap History (10 events):
Event: 3869.324 GC heap after
Heap after GC invocations=161 (full 8):
 PSYoungGen      total 161280K, used 7987K [0x00000000f5580000, 0x0000000100000000, 0x0000000100000000)
  eden space 147968K, 0% used [0x00000000f5580000,0x00000000f5580000,0x00000000fe600000)
  from space 13312K, 60% used [0x00000000fe600000,0x00000000fedcce78,0x00000000ff300000)
  to   space 13312K, 0% used [0x00000000ff300000,0x00000000ff300000,0x0000000100000000)
 ParOldGen       total 349696K, used 269392K [0x00000000e0000000, 0x00000000f5580000, 0x00000000f5580000)
  object space 349696K, 77% used [0x00000000e0000000,0x00000000f0714048,0x00000000f5580000)
 Metaspace       used 107172K, capacity 114088K, committed 114816K, reserved 1148928K
  class space    used 13643K, capacity 15022K, committed 15232K, reserved 1048576K
}
Event: 3869.519 GC heap before
{Heap before GC invocations=162 (full 8):
 PSYoungGen      total 161280K, used 155955K [0x00000000f5580000, 0x0000000100000000, 0x0000000100000000)
  eden space 147968K, 100% used [0x00000000f5580000,0x00000000fe600000,0x00000000fe600000)
  from space 13312K, 60% used [0x00000000fe600000,0x00000000fedcce78,0x00000000ff300000)
  to   space 13312K, 0% used [0x00000000ff300000,0x00000000ff300000,0x0000000100000000)
 ParOldGen       total 349696K, used 269392K [0x00000000e0000000, 0x00000000f5580000, 0x00000000f5580000)
  object space 349696K, 77% used [0x00000000e0000000,0x00000000f0714048,0x00000000f5580000)
 Metaspace       used 107530K, capacity 114512K, committed 115200K, reserved 1148928K
  class space    used 13701K, capacity 15108K, committed 15360K, reserved 1048576K
Event: 3869.532 GC heap after
Heap after GC invocations=162 (full 8):
 PSYoungGen      total 142848K, used 13310K [0x00000000f5580000, 0x0000000100000000, 0x0000000100000000)
  eden space 129536K, 0% used [0x00000000f5580000,0x00000000f5580000,0x00000000fd400000)
  from space 13312K, 99% used [0x00000000ff300000,0x00000000fffff918,0x0000000100000000)
  to   space 22528K, 0% used [0x00000000fd400000,0x00000000fd400000,0x00000000fea00000)
 ParOldGen       total 349696K, used 290541K [0x00000000e0000000, 0x00000000f5580000, 0x00000000f5580000)
  object space 349696K, 83% used [0x00000000e0000000,0x00000000f1bbb648,0x00000000f5580000)
 Metaspace       used 107530K, capacity 114512K, committed 115200K, reserved 1148928K
  class space    used 13701K, capacity 15108K, committed 15360K, reserved 1048576K
}
Event: 3869.684 GC heap before
{Heap before GC invocations=163 (full 8):
 PSYoungGen      total 142848K, used 142846K [0x00000000f5580000, 0x0000000100000000, 0x0000000100000000)
  eden space 129536K, 100% used [0x00000000f5580000,0x00000000fd400000,0x00000000fd400000)
  from space 13312K, 99% used [0x00000000ff300000,0x00000000fffff918,0x0000000100000000)
  to   space 22528K, 0% used [0x00000000fd400000,0x00000000fd400000,0x00000000fea00000)
 ParOldGen       total 349696K, used 290541K [0x00000000e0000000, 0x00000000f5580000, 0x00000000f5580000)
  object space 349696K, 83% used [0x00000000e0000000,0x00000000f1bbb648,0x00000000f5580000)
 Metaspace       used 107545K, capacity 114518K, committed 115200K, reserved 1148928K
  class space    used 13702K, capacity 15109K, committed 15360K, reserved 1048576K
Event: 3869.696 GC heap after
Heap after GC invocations=163 (full 8):
 PSYoungGen      total 152064K, used 22524K [0x00000000f5580000, 0x0000000100000000, 0x0000000100000000)
  eden space 129536K, 0% used [0x00000000f5580000,0x00000000f5580000,0x00000000fd400000)
  from space 22528K, 99% used [0x00000000fd400000,0x00000000fe9ff228,0x00000000fea00000)
  to   space 22528K, 0% used [0x00000000fea00000,0x00000000fea00000,0x0000000100000000)
 ParOldGen       total 349696K, used 308930K [0x00000000e0000000, 0x00000000f5580000, 0x00000000f5580000)
  object space 349696K, 88% used [0x00000000e0000000,0x00000000f2db0928,0x00000000f5580000)
 Metaspace       used 107545K, capacity 114518K, committed 115200K, reserved 1148928K
  class space    used 13702K, capacity 15109K, committed 15360K, reserved 1048576K
}
Event: 3869.849 GC heap before
{Heap before GC invocations=164 (full 8):
 PSYoungGen      total 152064K, used 152039K [0x00000000f5580000, 0x0000000100000000, 0x0000000100000000)
  eden space 129536K, 99% used [0x00000000f5580000,0x00000000fd3fab30,0x00000000fd400000)
  from space 22528K, 99% used [0x00000000fd400000,0x00000000fe9ff228,0x00000000fea00000)
  to   space 22528K, 0% used [0x00000000fea00000,0x00000000fea00000,0x0000000100000000)
 ParOldGen       total 349696K, used 308930K [0x00000000e0000000, 0x00000000f5580000, 0x00000000f5580000)
  object space 349696K, 88% used [0x00000000e0000000,0x00000000f2db0928,0x00000000f5580000)
 Metaspace       used 107699K, capacity 114708K, committed 115200K, reserved 1148928K
  class space    used 13731K, capacity 15136K, committed 15360K, reserved 1048576K
Event: 3869.863 GC heap after
Heap after GC invocations=164 (full 8):
 PSYoungGen      total 116224K, used 22525K [0x00000000f5580000, 0x0000000100000000, 0x0000000100000000)
  eden space 93696K, 0% used [0x00000000f5580000,0x00000000f5580000,0x00000000fb100000)
  from space 22528K, 99% used [0x00000000fea00000,0x00000000fffff500,0x0000000100000000)
  to   space 40448K, 0% used [0x00000000fb100000,0x00000000fb100000,0x00000000fd880000)
 ParOldGen       total 349696K, used 324290K [0x00000000e0000000, 0x00000000f5580000, 0x00000000f5580000)
  object space 349696K, 92% used [0x00000000e0000000,0x00000000f3cb0b38,0x00000000f5580000)
 Metaspace       used 107699K, capacity 114708K, committed 115200K, reserved 1148928K
  class space    used 13731K, capacity 15136K, committed 15360K, reserved 1048576K
}
Event: 3869.998 GC heap before
{Heap before GC invocations=165 (full 8):
 PSYoungGen      total 116224K, used 116221K [0x00000000f5580000, 0x0000000100000000, 0x0000000100000000)
  eden space 93696K, 100% used [0x00000000f5580000,0x00000000fb100000,0x00000000fb100000)
  from space 22528K, 99% used [0x00000000fea00000,0x00000000fffff500,0x0000000100000000)
  to   space 40448K, 0% used [0x00000000fb100000,0x00000000fb100000,0x00000000fd880000)
 ParOldGen       total 349696K, used 324290K [0x00000000e0000000, 0x00000000f5580000, 0x00000000f5580000)
  object space 349696K, 92% used [0x00000000e0000000,0x00000000f3cb0b38,0x00000000f5580000)
 Metaspace       used 107717K, capacity 114708K, committed 115200K, reserved 1148928K
  class space    used 13731K, capacity 15136K, committed 15360K, reserved 1048576K
Event: 3870.041 GC heap after
Heap after GC invocations=165 (full 8):
 PSYoungGen      total 134144K, used 17034K [0x00000000f5580000, 0x0000000100000000, 0x0000000100000000)
  eden space 93696K, 0% used [0x00000000f5580000,0x00000000f5580000,0x00000000fb100000)
  from space 40448K, 42% used [0x00000000fb100000,0x00000000fc1a28c0,0x00000000fd880000)
  to   space 38400K, 0% used [0x00000000fda80000,0x00000000fda80000,0x0000000100000000)
 ParOldGen       total 349696K, used 342832K [0x00000000e0000000, 0x00000000f5580000, 0x00000000f5580000)
  object space 349696K, 98% used [0x00000000e0000000,0x00000000f4ecc348,0x00000000f5580000)
 Metaspace       used 107717K, capacity 114708K, committed 115200K, reserved 1148928K
  class space    used 13731K, capacity 15136K, committed 15360K, reserved 1048576K
}
Event: 3870.041 GC heap before
{Heap before GC invocations=166 (full 9):
 PSYoungGen      total 134144K, used 17034K [0x00000000f5580000, 0x0000000100000000, 0x0000000100000000)
  eden space 93696K, 0% used [0x00000000f5580000,0x00000000f5580000,0x00000000fb100000)
  from space 40448K, 42% used [0x00000000fb100000,0x00000000fc1a28c0,0x00000000fd880000)
  to   space 38400K, 0% used [0x00000000fda80000,0x00000000fda80000,0x0000000100000000)
 ParOldGen       total 349696K, used 342832K [0x00000000e0000000, 0x00000000f5580000, 0x00000000f5580000)
  object space 349696K, 98% used [0x00000000e0000000,0x00000000f4ecc348,0x00000000f5580000)
 Metaspace       used 107717K, capacity 114708K, committed 115200K, reserved 1148928K
  class space    used 13731K, capacity 15136K, committed 15360K, reserved 1048576K

